<?xml version="1.0" encoding="UTF-8"?>
<!-- Generated by org.testng.reporters.JUnitReportReporter -->
<testsuite hostname="IN-HGSM2J3" failures="0" tests="4" name="com.ExitTestFlipkart.tests.FirstLoginThenOtherOperation" time="49.301" errors="0" timestamp="14 Jul 2022 08:47:22 GMT" skipped="0">
  <testcase classname="com.ExitTestFlipkart.tests.FirstLoginThenOtherOperation" name="logout" time="13.119"/>
  <testcase classname="com.ExitTestFlipkart.tests.FirstLoginThenOtherOperation" name="visitMyProfile" time="17.360"/>
  <testcase classname="com.ExitTestFlipkart.tests.FirstLoginThenOtherOperation" name="superCoinZone" time="10.378"/>
  <testcase classname="com.ExitTestFlipkart.tests.FirstLoginThenOtherOperation" name="clickMyProfileThenMyCupons" time="8.444"/>
</testsuite> <!-- com.ExitTestFlipkart.tests.FirstLoginThenOtherOperation -->
