<?xml version="1.0" encoding="UTF-8"?>
<!-- Generated by org.testng.reporters.JUnitReportReporter -->
<testsuite hostname="IN-HGSM2J3" failures="0" tests="1" name="com.ExitTestFlipkart.tests.loginTest" time="12.702" errors="0" timestamp="14 Jul 2022 05:22:12 GMT" skipped="0">
  <testcase classname="com.ExitTestFlipkart.tests.loginTest" name="loginWithValidNameAndPassword" time="12.702"/>
</testsuite> <!-- com.ExitTestFlipkart.tests.loginTest -->
