<?xml version="1.0" encoding="UTF-8"?>
<!-- Generated by org.testng.reporters.JUnitReportReporter -->
<testsuite hostname="IN-HGSM2J3" failures="0" tests="4" name="com.ExitTestFlipkart.tests.FirstLoginThenOtherOperation" time="44.562" errors="0" timestamp="14 Jul 2022 06:09:42 GMT" skipped="0">
  <testcase classname="com.ExitTestFlipkart.tests.FirstLoginThenOtherOperation" name="logout" time="15.119"/>
  <testcase classname="com.ExitTestFlipkart.tests.FirstLoginThenOtherOperation" name="visitMyProfile" time="9.733"/>
  <testcase classname="com.ExitTestFlipkart.tests.FirstLoginThenOtherOperation" name="superCoinZone" time="11.079"/>
  <testcase classname="com.ExitTestFlipkart.tests.FirstLoginThenOtherOperation" name="clickMyProfileThenMyCupons" time="8.631"/>
</testsuite> <!-- com.ExitTestFlipkart.tests.FirstLoginThenOtherOperation -->
