<?xml version="1.0" encoding="UTF-8"?>
<!-- Generated by org.testng.reporters.JUnitReportReporter -->
<testsuite hostname="IN-HGSM2J3" failures="0" tests="4" name="com.ExitTestFlipkart.tests.FirstLoginThenOtherOperation" time="41.614" errors="0" timestamp="14 Jul 2022 13:55:27 GMT" skipped="0">
  <testcase classname="com.ExitTestFlipkart.tests.FirstLoginThenOtherOperation" name="logout" time="13.331"/>
  <testcase classname="com.ExitTestFlipkart.tests.FirstLoginThenOtherOperation" name="visitMyProfile" time="9.048"/>
  <testcase classname="com.ExitTestFlipkart.tests.FirstLoginThenOtherOperation" name="superCoinZone" time="11.285"/>
  <testcase classname="com.ExitTestFlipkart.tests.FirstLoginThenOtherOperation" name="clickMyProfileThenMyCupons" time="7.950"/>
</testsuite> <!-- com.ExitTestFlipkart.tests.FirstLoginThenOtherOperation -->
