<?xml version="1.0" encoding="UTF-8"?>
<!-- Generated by org.testng.reporters.JUnitReportReporter -->
<testsuite hostname="IN-HGSM2J3" failures="0" tests="1" name="com.ExitTestFlipkart.tests.travelTests" time="10.495" errors="0" timestamp="14 Jul 2022 05:22:12 GMT" skipped="0">
  <testcase classname="com.ExitTestFlipkart.tests.travelTests" name="enterValidFromAndToValue" time="10.495"/>
</testsuite> <!-- com.ExitTestFlipkart.tests.travelTests -->
