<?xml version="1.0" encoding="UTF-8"?>
<!-- Generated by org.testng.reporters.JUnitReportReporter -->
<testsuite hostname="IN-HGSM2J3" failures="0" tests="4" name="com.ExitTestFlipkart.tests.FirstLoginThenOtherOperation" time="45.227" errors="0" timestamp="14 Jul 2022 05:35:10 GMT" skipped="0">
  <testcase classname="com.ExitTestFlipkart.tests.FirstLoginThenOtherOperation" name="logout" time="14.243"/>
  <testcase classname="com.ExitTestFlipkart.tests.FirstLoginThenOtherOperation" name="visitMyProfile" time="11.218"/>
  <testcase classname="com.ExitTestFlipkart.tests.FirstLoginThenOtherOperation" name="superCoinZone" time="10.321"/>
  <testcase classname="com.ExitTestFlipkart.tests.FirstLoginThenOtherOperation" name="clickMyProfileThenMyCupons" time="9.445"/>
</testsuite> <!-- com.ExitTestFlipkart.tests.FirstLoginThenOtherOperation -->
