<?xml version="1.0" encoding="UTF-8"?>
<!-- Generated by org.testng.reporters.JUnitReportReporter -->
<testsuite hostname="IN-HGSM2J3" failures="0" tests="2" name="com.ExitTestFlipkart.tests.MoreOptionTest" time="10.616" errors="0" timestamp="14 Jul 2022 13:55:27 GMT" skipped="0">
  <testcase classname="com.ExitTestFlipkart.tests.MoreOptionTest" name="NotificationPreference" time="5.243"/>
  <testcase classname="com.ExitTestFlipkart.tests.MoreOptionTest" name="customerService" time="5.373"/>
</testsuite> <!-- com.ExitTestFlipkart.tests.MoreOptionTest -->
