<?xml version="1.0" encoding="UTF-8"?>
<!-- Generated by org.testng.reporters.JUnitReportReporter -->
<testsuite hostname="IN-HGSM2J3" failures="0" tests="7" name="com.ExitTestFlipkart.tests.HomePageTests" time="72.913" errors="0" timestamp="14 Jul 2022 06:09:42 GMT" skipped="0">
  <testcase classname="com.ExitTestFlipkart.tests.HomePageTests" name="topOffers" time="5.794"/>
  <testcase classname="com.ExitTestFlipkart.tests.HomePageTests" name="Mobiles" time="5.788"/>
  <testcase classname="com.ExitTestFlipkart.tests.HomePageTests" name="FlipkartPlusZone" time="5.801"/>
  <testcase classname="com.ExitTestFlipkart.tests.HomePageTests" name="FlipkartStories" time="30.125"/>
  <testcase classname="com.ExitTestFlipkart.tests.HomePageTests" name="Facebook" time="6.251"/>
  <testcase classname="com.ExitTestFlipkart.tests.HomePageTests" name="BecomeASeller" time="12.109"/>
  <testcase classname="com.ExitTestFlipkart.tests.HomePageTests" name="hoverToElectronicsAndClickGaming" time="7.045"/>
</testsuite> <!-- com.ExitTestFlipkart.tests.HomePageTests -->
