<?xml version="1.0" encoding="UTF-8"?>
<!-- Generated by org.testng.reporters.JUnitReportReporter -->
<testsuite hostname="IN-HGSM2J3" failures="0" tests="2" name="com.ExitTestFlipkart.tests.travelTests" time="20.216" errors="0" timestamp="14 Jul 2022 06:09:42 GMT" skipped="0">
  <testcase classname="com.ExitTestFlipkart.tests.travelTests" name="enterValidFromAndToValue" time="10.340"/>
  <testcase classname="com.ExitTestFlipkart.tests.travelTests" name="enterInValidFromOrToValue" time="9.876"/>
</testsuite> <!-- com.ExitTestFlipkart.tests.travelTests -->
