<?xml version="1.0" encoding="UTF-8"?>
<!-- Generated by org.testng.reporters.JUnitReportReporter -->
<testsuite hostname="IN-HGSM2J3" failures="0" tests="7" name="com.ExitTestFlipkart.tests.HomePageTests" time="76.991" errors="0" timestamp="14 Jul 2022 13:55:27 GMT" skipped="0">
  <testcase classname="com.ExitTestFlipkart.tests.HomePageTests" name="topOffers" time="6.384"/>
  <testcase classname="com.ExitTestFlipkart.tests.HomePageTests" name="Mobiles" time="5.505"/>
  <testcase classname="com.ExitTestFlipkart.tests.HomePageTests" name="FlipkartPlusZone" time="5.815"/>
  <testcase classname="com.ExitTestFlipkart.tests.HomePageTests" name="FlipkartStories" time="37.030"/>
  <testcase classname="com.ExitTestFlipkart.tests.HomePageTests" name="Facebook" time="6.415"/>
  <testcase classname="com.ExitTestFlipkart.tests.HomePageTests" name="BecomeASeller" time="9.891"/>
  <testcase classname="com.ExitTestFlipkart.tests.HomePageTests" name="hoverToElectronicsAndClickGaming" time="5.951"/>
</testsuite> <!-- com.ExitTestFlipkart.tests.HomePageTests -->
