<?xml version="1.0" encoding="UTF-8"?>
<!-- Generated by org.testng.reporters.JUnitReportReporter -->
<testsuite hostname="IN-HGSM2J3" failures="0" tests="2" name="com.ExitTestFlipkart.tests.loginTest" time="14.307" errors="0" timestamp="14 Jul 2022 13:55:27 GMT" skipped="0">
  <testcase classname="com.ExitTestFlipkart.tests.loginTest" name="loginWithValidNameAndPassword" time="7.549"/>
  <testcase classname="com.ExitTestFlipkart.tests.loginTest" name="loginWithInvalidNumberOrPassword" time="6.758"/>
</testsuite> <!-- com.ExitTestFlipkart.tests.loginTest -->
