<?xml version="1.0" encoding="UTF-8"?>
<!-- Generated by org.testng.reporters.JUnitReportReporter -->
<testsuite hostname="IN-HGSM2J3" failures="0" tests="1" name="com.ExitTestFlipkart.tests.MoreOptionTest" time="5.738" errors="0" timestamp="14 Jul 2022 13:59:33 GMT" skipped="1">
  <testcase classname="com.ExitTestFlipkart.tests.MoreOptionTest" name="NotificationPreference" time="5.738">
    <skipped/>
  </testcase> <!-- NotificationPreference -->
</testsuite> <!-- com.ExitTestFlipkart.tests.MoreOptionTest -->
