<?xml version="1.0" encoding="UTF-8"?>
<!-- Generated by org.testng.reporters.JUnitReportReporter -->
<testsuite hostname="IN-HGSM2J3" failures="0" tests="2" name="com.ExitTestFlipkart.tests.loginTest" time="16.054" errors="0" timestamp="14 Jul 2022 06:09:42 GMT" skipped="0">
  <testcase classname="com.ExitTestFlipkart.tests.loginTest" name="loginWithValidNameAndPassword" time="7.739"/>
  <testcase classname="com.ExitTestFlipkart.tests.loginTest" name="loginWithInvalidNumberOrPassword" time="8.315"/>
</testsuite> <!-- com.ExitTestFlipkart.tests.loginTest -->
