<?xml version="1.0" encoding="UTF-8"?>
<!-- Generated by org.testng.reporters.JUnitReportReporter -->
<testsuite hostname="IN-HGSM2J3" failures="0" tests="3" name="com.ExitTestFlipkart.tests.ProductPageTests" time="26.450" errors="0" timestamp="14 Jul 2022 13:55:27 GMT" skipped="0">
  <testcase classname="com.ExitTestFlipkart.tests.ProductPageTests" name="search" time="6.357"/>
  <testcase classname="com.ExitTestFlipkart.tests.ProductPageTests" name="Applyfilter" time="10.561"/>
  <testcase classname="com.ExitTestFlipkart.tests.ProductPageTests" name="addToCart" time="9.532"/>
</testsuite> <!-- com.ExitTestFlipkart.tests.ProductPageTests -->
