<?xml version="1.0" encoding="UTF-8"?>
<!-- Generated by org.testng.reporters.JUnitReportReporter -->
<testsuite hostname="IN-HGSM2J3" failures="0" tests="2" name="com.ExitTestFlipkart.tests.travelTests" time="19.940" errors="0" timestamp="14 Jul 2022 13:55:27 GMT" skipped="0">
  <testcase classname="com.ExitTestFlipkart.tests.travelTests" name="enterValidFromAndToValue" time="10.110"/>
  <testcase classname="com.ExitTestFlipkart.tests.travelTests" name="enterInValidFromOrToValue" time="9.830"/>
</testsuite> <!-- com.ExitTestFlipkart.tests.travelTests -->
